app/seeds.txt
com.bumptech.glide.load.resource.gif.StreamGifDecoder: java.util.List parsers
com.loc.dc: double f
com.autonavi.amap.mapcore.interfaces.IProjection
com.amap.api.services.poisearch.PoiSearch$Query: boolean isRequireSubPois()
com.autonavi.base.ae.gmap.gloverlay.GLCrossVector
com.amap.api.col.s.bb: android.content.Context c
android.support.coordinatorlayout.R$attr: int layout_keyline
com.amap.api.col.3n.ir: java.io.File a(android.content.Context)
com.amap.api.navi.model.AMapLaneInfo: int[] backgroundLane
android.support.compat.R$id: int async
com.amap.api.col.3n.dq: java.util.Map getParams()
com.bumptech.glide.load.model.ResourceLoader: com.bumptech.glide.load.model.ModelLoader uriLoader
android.support.design.R$dimen: int abc_list_item_padding_horizontal_material
com.dwayne.monitor.R$styleable: int AnimatedStateListDrawableItem_android_drawable
com.loc.do: void j()
com.amap.api.maps.AMap: com.amap.api.maps.model.HeatMapLayer addHeatMapLayer(com.amap.api.maps.model.HeatMapLayerOptions)
com.autonavi.base.ae.gmap.glyph.FontStyle: int WEIGHT_SEMI_BOLD
android.support.design.widget.AppBarLayout: int getTopInset()
com.autonavi.base.ae.gmap.GLMapEngine: void setRoadArrowEnable(int,boolean)
com.amap.api.col.3n.eb: boolean a
com.amap.api.services.route.RouteSearch$WalkRouteQuery$1: java.lang.Object[] newArray(int)
com.amap.api.navi.R$drawable: int cruise_donward_slope
android.support.v4.app.Fragment: int hashCode()
com.amap.api.col.3n.nb: nb()
com.amap.api.col.s.bh: bh(java.lang.String)
com.amap.api.navi.AMapHudView: void setCheckBoxAndMirrorImageState(boolean)
com.bumptech.glide.load.model.stream.MediaStoreVideoThumbLoader: boolean isRequestingDefaultFrame(com.bumptech.glide.load.Options)
com.amap.api.col.3n.b: void getLatLng2Map(double,double,com.autonavi.base.amap.mapcore.FPoint)
com.dwayne.monitor.R$styleable: int LinearLayoutCompat_Layout_android_layout_gravity
com.loc.au: java.lang.String m
com.bumptech.glide.util.ExceptionCatchingInputStream: void setInputStream(java.io.InputStream)
com.amap.api.col.3n.fj: com.amap.api.col.3n.fg e()
com.bumptech.glide.gifdecoder.GifHeaderParser: boolean isAnimated()
com.autonavi.ae.route.RestrictionInfo: int type
com.amap.api.col.3n.kd: void a(android.content.Context)
com.dwayne.monitor.R$styleable: int AppCompatTheme_actionBarTabBarStyle
com.bumptech.glide.gifdecoder.GifFrame: int dispose
com.loc.e: void b(com.loc.e,android.os.Messenger,android.os.Bundle)
com.alibaba.fastjson.parser.JavaObjectDeserializer: com.alibaba.fastjson.parser.JavaObjectDeserializer instance
com.loc.ap$c: ap$c(com.loc.ap,java.lang.String)
com.amap.api.navi.model.AMapLaneInfo: AMapLaneInfo(com.autonavi.ae.guide.LaneInfo)
com.amap.api.col.3n.ml$b: boolean d()
com.autonavi.base.ae.gmap.GLMapEngine$MapViewInitParam: float screenScale
com.autonavi.base.amap.mapcore.FileUtil$ZipCompressProgressListener: void onFinishProgress(long)
com.bumptech.glide.load.model.FileLoader: boolean handles(java.io.File)
com.amap.api.col.3n.du$a: java.lang.String b(java.lang.String)
com.alibaba.fastjson.serializer.SerializeWriter: void writeTo(java.io.Writer)
com.alibaba.fastjson.serializer.IntegerCodec: com.alibaba.fastjson.serializer.IntegerCodec instance
com.amap.api.services.route.DrivePlanStep: java.util.List getPolyline()
com.alibaba.fastjson.serializer.SerializeWriter: byte[] specicalFlags_singleQuotes
com.bumptech.glide.load.model.stream.HttpUriLoader: com.bumptech.glide.load.model.ModelLoader$LoadData buildLoadData(android.net.Uri,int,int,com.bumptech.glide.load.Options)
android.support.design.R$dimen: int abc_edit_text_inset_bottom_material
com.amap.api.maps.model.BitmapDescriptor: com.amap.api.maps.model.BitmapDescriptor clone()
com.amap.api.navi.model.NaviPoi: java.lang.String getName()
com.autonavi.amap.mapcore.Inner_3dMap_locationOption: com.autonavi.amap.mapcore.Inner_3dMap_locationOption$Inner_3dMap_Enum_LocationMode locationMode
com.amap.api.col.3n.dc: int t
com.amap.api.navi.enums.NaviForbidType