app/unused.txt
android.support.fragment.R$color
com.dwayne.monitor.view.base.IconViewInterface
    public abstract boolean createBackground()
    public abstract boolean createIcon()
android.support.design.chip.ChipDrawable$1
org.greenrobot.eventbus.util.ErrorDialogManager
    public void <init>()
    public static void attachTo(android.app.Activity)
    public static void attachTo(android.app.Activity,boolean)
    public static void attachTo(android.app.Activity,boolean,android.os.Bundle)
    public static void attachTo(android.app.Activity,java.lang.Object,boolean,android.os.Bundle)
    private static boolean isSupportActivity(android.app.Activity)
    protected static final java.lang.String TAG_ERROR_DIALOG
    protected static final java.lang.String TAG_ERROR_DIALOG_MANAGER
    public static final java.lang.String KEY_TITLE
    public static final java.lang.String KEY_MESSAGE
    public static final java.lang.String KEY_FINISH_AFTER_DIALOG
    public static final java.lang.String KEY_ICON_ID
    public static final java.lang.String KEY_EVENT_TYPE_ON_CLOSE
android.support.graphics.drawable.AndroidResources
    private void <init>()
    static final int STYLEABLE_VECTOR_DRAWABLE_ALPHA
    static final int STYLEABLE_VECTOR_DRAWABLE_AUTO_MIRRORED
    static final int STYLEABLE_VECTOR_DRAWABLE_HEIGHT
    static final int STYLEABLE_VECTOR_DRAWABLE_NAME
    static final int STYLEABLE_VECTOR_DRAWABLE_TINT
    static final int STYLEABLE_VECTOR_DRAWABLE_TINT_MODE
    static final int STYLEABLE_VECTOR_DRAWABLE_VIEWPORT_HEIGHT
    static final int STYLEABLE_VECTOR_DRAWABLE_VIEWPORT_WIDTH
    static final int STYLEABLE_VECTOR_DRAWABLE_WIDTH
    static final int STYLEABLE_VECTOR_DRAWABLE_GROUP_NAME
    static final int STYLEABLE_VECTOR_DRAWABLE_GROUP_PIVOT_X
    static final int STYLEABLE_VECTOR_DRAWABLE_GROUP_PIVOT_Y
    static final int STYLEABLE_VECTOR_DRAWABLE_GROUP_ROTATION
    static final int STYLEABLE_VECTOR_DRAWABLE_GROUP_SCALE_X
    static final int STYLEABLE_VECTOR_DRAWABLE_GROUP_SCALE_Y
    static final int STYLEABLE_VECTOR_DRAWABLE_GROUP_TRANSLATE_X
    static final int STYLEABLE_VECTOR_DRAWABLE_GROUP_TRANSLATE_Y
    static final int STYLEABLE_VECTOR_DRAWABLE_PATH_FILL_ALPHA
    static final int STYLEABLE_VECTOR_DRAWABLE_PATH_FILL_COLOR
    static final int STYLEABLE_VECTOR_DRAWABLE_PATH_NAME
    static final int STYLEABLE_VECTOR_DRAWABLE_PATH_PATH_DATA
    static final int STYLEABLE_VECTOR_DRAWABLE_PATH_STROKE_ALPHA
    static final int STYLEABLE_VECTOR_DRAWABLE_PATH_STROKE_COLOR
org.eclipse.paho.client.mqttv3.internal.DestinationProvider
com.dwayne.monitor.R$style
kotlin.io.TerminateException